Determining if the pthread_create exist failed with the following output:
Change Dir: /home/andreas/Softwareentwicklung/Python/projects/ledTable/build/CMakeFiles/CMakeTmp

Run Build Command:"/usr/bin/make" "cmTC_7b1d9/fast"
make[1]: Verzeichnis „/home/andreas/Softwareentwicklung/Python/projects/ledTable/build/CMakeFiles/CMakeTmp“ wird betreten
/usr/bin/make -f CMakeFiles/cmTC_7b1d9.dir/build.make CMakeFiles/cmTC_7b1d9.dir/build
make[2]: Verzeichnis „/home/andreas/Softwareentwicklung/Python/projects/ledTable/build/CMakeFiles/CMakeTmp“ wird betreten
Building C object CMakeFiles/cmTC_7b1d9.dir/CheckSymbolExists.c.o
/usr/bin/cc     -o CMakeFiles/cmTC_7b1d9.dir/CheckSymbolExists.c.o   -c /home/andreas/Softwareentwicklung/Python/projects/ledTable/build/CMakeFiles/CMakeTmp/CheckSymbolExists.c
Linking C executable cmTC_7b1d9
/usr/bin/cmake -E cmake_link_script CMakeFiles/cmTC_7b1d9.dir/link.txt --verbose=1
/usr/bin/cc       CMakeFiles/cmTC_7b1d9.dir/CheckSymbolExists.c.o  -o cmTC_7b1d9 -rdynamic 
CMakeFiles/cmTC_7b1d9.dir/CheckSymbolExists.c.o: In Funktion `main':
CheckSymbolExists.c:(.text+0x16): Nicht definierter Verweis auf `pthread_create'
collect2: error: ld returned 1 exit status
CMakeFiles/cmTC_7b1d9.dir/build.make:97: die Regel für Ziel „cmTC_7b1d9“ scheiterte
make[2]: *** [cmTC_7b1d9] Fehler 1
make[2]: Verzeichnis „/home/andreas/Softwareentwicklung/Python/projects/ledTable/build/CMakeFiles/CMakeTmp“ wird verlassen
Makefile:126: die Regel für Ziel „cmTC_7b1d9/fast“ scheiterte
make[1]: *** [cmTC_7b1d9/fast] Fehler 2
make[1]: Verzeichnis „/home/andreas/Softwareentwicklung/Python/projects/ledTable/build/CMakeFiles/CMakeTmp“ wird verlassen

File /home/andreas/Softwareentwicklung/Python/projects/ledTable/build/CMakeFiles/CMakeTmp/CheckSymbolExists.c:
/* */
#include <pthread.h>

int main(int argc, char** argv)
{
  (void)argv;
#ifndef pthread_create
  return ((int*)(&pthread_create))[argc];
#else
  (void)argc;
  return 0;
#endif
}

Determining if the function pthread_create exists in the pthreads failed with the following output:
Change Dir: /home/andreas/Softwareentwicklung/Python/projects/ledTable/build/CMakeFiles/CMakeTmp

Run Build Command:"/usr/bin/make" "cmTC_bbbec/fast"
make[1]: Verzeichnis „/home/andreas/Softwareentwicklung/Python/projects/ledTable/build/CMakeFiles/CMakeTmp“ wird betreten
/usr/bin/make -f CMakeFiles/cmTC_bbbec.dir/build.make CMakeFiles/cmTC_bbbec.dir/build
make[2]: Verzeichnis „/home/andreas/Softwareentwicklung/Python/projects/ledTable/build/CMakeFiles/CMakeTmp“ wird betreten
Building C object CMakeFiles/cmTC_bbbec.dir/CheckFunctionExists.c.o
/usr/bin/cc    -DCHECK_FUNCTION_EXISTS=pthread_create   -o CMakeFiles/cmTC_bbbec.dir/CheckFunctionExists.c.o   -c /usr/share/cmake-3.5/Modules/CheckFunctionExists.c
Linking C executable cmTC_bbbec
/usr/bin/cmake -E cmake_link_script CMakeFiles/cmTC_bbbec.dir/link.txt --verbose=1
/usr/bin/cc   -DCHECK_FUNCTION_EXISTS=pthread_create    CMakeFiles/cmTC_bbbec.dir/CheckFunctionExists.c.o  -o cmTC_bbbec -rdynamic -lpthreads 
/usr/bin/ld: cannot find -lpthreads
collect2: error: ld returned 1 exit status
CMakeFiles/cmTC_bbbec.dir/build.make:97: die Regel für Ziel „cmTC_bbbec“ scheiterte
make[2]: *** [cmTC_bbbec] Fehler 1
make[2]: Verzeichnis „/home/andreas/Softwareentwicklung/Python/projects/ledTable/build/CMakeFiles/CMakeTmp“ wird verlassen
Makefile:126: die Regel für Ziel „cmTC_bbbec/fast“ scheiterte
make[1]: *** [cmTC_bbbec/fast] Fehler 2
make[1]: Verzeichnis „/home/andreas/Softwareentwicklung/Python/projects/ledTable/build/CMakeFiles/CMakeTmp“ wird verlassen


